<?xml version="1.0" encoding="UTF-8"?>
<!-- Generated by org.testng.reporters.JUnitXMLReporter -->
<testsuite hostname="ACA80157.ipt.aol.com" ignored="0" name="/Users/ivy/IdeaProjects/mavenDemo1" tests="6" failures="0" timestamp="29 十二月 2018 02:25:49 GMT" time="3.842" errors="0">
  <testcase name="testMateral" time="0.25" classname="TestMaterial"/>
  <testcase name="testMateral" time="0.277" classname="TestMaterial"/>
  <testcase name="testMateral" time="0.34" classname="TestMaterial"/>
  <testcase name="testMateral" time="0.246" classname="TestMaterial"/>
  <testcase name="testMaterialStatus" time="0.366" classname="TestMaterial"/>
  <testcase name="testMaterialStatus" time="0.26" classname="TestMaterial"/>
</testsuite> <!-- /Users/ivy/IdeaProjects/mavenDemo1 -->
