<?xml version="1.0" encoding="UTF-8"?>
<testng-results skipped="2" failed="1" ignored="0" total="50" passed="47">
  <reporter-output>
  </reporter-output>
  <suite name="Command line suite" duration-ms="24961" started-at="2019-03-20T08:54:16Z" finished-at="2019-03-20T08:54:41Z">
    <groups>
    </groups>
    <test name="Command line test" duration-ms="24961" started-at="2019-03-20T08:54:16Z" finished-at="2019-03-20T08:54:41Z">
      <class name="materialLot.transfer.TestTransfer">
        <test-method status="PASS" signature="testTransferPost(int, [I, [I, java.lang.String, java.lang.String)[pri:0, instance:materialLot.transfer.TestTransfer@458ad742]" name="testTransferPost" duration-ms="660" started-at="2019-03-20T08:54:29Z" data-provider="getTransfer" finished-at="2019-03-20T08:54:30Z">
          <params>
            <param index="0">
              <value>
                <![CDATA[1321]]>
              </value>
            </param>
            <param index="1">
              <value>
                <![CDATA[[I@470a9030]]>
              </value>
            </param>
            <param index="2">
              <value>
                <![CDATA[[I@66d57c1b]]>
              </value>
            </param>
            <param index="3">
              <value>
                <![CDATA[成功]]>
              </value>
            </param>
            <param index="4">
              <value>
                <![CDATA[物料转移]]>
              </value>
            </param>
          </params>
          <reporter-output>
          </reporter-output>
        </test-method> <!-- testTransferPost -->
        <test-method status="PASS" signature="testTransferPost(int, [I, [I, java.lang.String, java.lang.String)[pri:0, instance:materialLot.transfer.TestTransfer@458ad742]" name="testTransferPost" duration-ms="287" started-at="2019-03-20T08:54:30Z" data-provider="getTransfer" finished-at="2019-03-20T08:54:30Z">
          <params>
            <param index="0">
              <value>
                <![CDATA[1321]]>
              </value>
            </param>
            <param index="1">
              <value>
                <![CDATA[[I@470a9030]]>
              </value>
            </param>
            <param index="2">
              <value>
                <![CDATA[[I@66d57c1b]]>
              </value>
            </param>
            <param index="3">
              <value>
                <![CDATA[已经在要转运的目的仓库中]]>
              </value>
            </param>
            <param index="4">
              <value>
                <![CDATA[物料二维码位置与转移位置相同]]>
              </value>
            </param>
          </params>
          <reporter-output>
          </reporter-output>
        </test-method> <!-- testTransferPost -->
        <test-method status="PASS" signature="testTransferPost(int, [I, [I, java.lang.String, java.lang.String)[pri:0, instance:materialLot.transfer.TestTransfer@458ad742]" name="testTransferPost" duration-ms="240" started-at="2019-03-20T08:54:30Z" data-provider="getTransfer" finished-at="2019-03-20T08:54:31Z">
          <params>
            <param index="0">
              <value>
                <![CDATA[1321]]>
              </value>
            </param>
            <param index="1">
              <value>
                <![CDATA[[I@470a9030]]>
              </value>
            </param>
            <param index="2">
              <value>
                <![CDATA[[I@66d57c1b]]>
              </value>
            </param>
            <param index="3">
              <value>
                <![CDATA[已经在要转运的目的仓库中]]>
              </value>
            </param>
            <param index="4">
              <value>
                <![CDATA[物料二维码位置与转移位置相同]]>
              </value>
            </param>
          </params>
          <reporter-output>
          </reporter-output>
        </test-method> <!-- testTransferPost -->
      </class> <!-- materialLot.transfer.TestTransfer -->
      <class name="def.warehouse.TestStorage2">
        <test-method status="SKIP" signature="testStorage2Post(java.lang.String, java.lang.String, java.lang.String, int, int, java.lang.String)[pri:0, instance:def.warehouse.TestStorage2@4590c9c3]" name="testStorage2Post" duration-ms="0" started-at="2019-03-20T08:54:20Z" data-provider="getStorage2" finished-at="2019-03-20T08:54:20Z">
          <exception class="java.lang.RuntimeException">
            <message>
              <![CDATA[java.net.UnknownHostException: def-feature.test.blacklake.techwarehouse: nodename nor servname provided, or not known]]>
            </message>
            <full-stacktrace>
              <![CDATA[java.lang.RuntimeException: java.net.UnknownHostException: def-feature.test.blacklake.techwarehouse: nodename nor servname provided, or not known
at org.testng.internal.MethodInvocationHelper.invokeMethodNoCheckedException(MethodInvocationHelper.java:49)
at org.testng.internal.MethodInvocationHelper.invokeDataProvider(MethodInvocationHelper.java:131)
at org.testng.internal.Parameters.handleParameters(Parameters.java:706)
at org.testng.internal.ParameterHandler.handleParameters(ParameterHandler.java:49)
at org.testng.internal.ParameterHandler.createParameters(ParameterHandler.java:37)
at org.testng.internal.Invoker.invokeTestMethods(Invoker.java:924)
at org.testng.internal.TestMethodWorker.invokeTestMethods(TestMethodWorker.java:125)
at org.testng.internal.TestMethodWorker.run(TestMethodWorker.java:109)
at org.testng.TestRunner.privateRun(TestRunner.java:648)
at org.testng.TestRunner.run(TestRunner.java:505)
at org.testng.SuiteRunner.runTest(SuiteRunner.java:455)
at org.testng.SuiteRunner.runSequentially(SuiteRunner.java:450)
at org.testng.SuiteRunner.privateRun(SuiteRunner.java:415)
at org.testng.SuiteRunner.run(SuiteRunner.java:364)
at org.testng.SuiteRunnerWorker.runSuite(SuiteRunnerWorker.java:52)
at org.testng.SuiteRunnerWorker.run(SuiteRunnerWorker.java:84)
at org.testng.TestNG.runSuitesSequentially(TestNG.java:1208)
at org.testng.TestNG.runSuitesLocally(TestNG.java:1137)
at org.testng.TestNG.runSuites(TestNG.java:1049)
at org.testng.TestNG.run(TestNG.java:1017)
at org.apache.maven.surefire.testng.TestNGExecutor.run(TestNGExecutor.java:77)
at org.apache.maven.surefire.testng.TestNGDirectoryTestSuite.executeMulti(TestNGDirectoryTestSuite.java:159)
at org.apache.maven.surefire.testng.TestNGDirectoryTestSuite.execute(TestNGDirectoryTestSuite.java:99)
at org.apache.maven.surefire.testng.TestNGProvider.invoke(TestNGProvider.java:106)
at sun.reflect.NativeMethodAccessorImpl.invoke0(Native Method)
at sun.reflect.NativeMethodAccessorImpl.invoke(NativeMethodAccessorImpl.java:62)
at sun.reflect.DelegatingMethodAccessorImpl.invoke(DelegatingMethodAccessorImpl.java:43)
at java.lang.reflect.Method.invoke(Method.java:498)
at org.apache.maven.surefire.util.ReflectionUtils.invokeMethodWithArray(ReflectionUtils.java:189)
at org.apache.maven.surefire.booter.ProviderFactory$ProviderProxy.invoke(ProviderFactory.java:165)
at org.apache.maven.surefire.booter.ProviderFactory.invokeProvider(ProviderFactory.java:85)
at org.apache.maven.surefire.booter.ForkedBooter.runSuitesInProcess(ForkedBooter.java:115)
at org.apache.maven.surefire.booter.ForkedBooter.main(ForkedBooter.java:75)
Caused by: java.net.UnknownHostException: def-feature.test.blacklake.techwarehouse: nodename nor servname provided, or not known
at java.net.Inet6AddressImpl.lookupAllHostAddr(Native Method)
at java.net.InetAddress$2.lookupAllHostAddr(InetAddress.java:928)
at java.net.InetAddress.getAddressesFromNameService(InetAddress.java:1323)
at java.net.InetAddress.getAllByName0(InetAddress.java:1276)
at java.net.InetAddress.getAllByName(InetAddress.java:1192)
at java.net.InetAddress.getAllByName(InetAddress.java:1126)
at org.apache.http.impl.conn.SystemDefaultDnsResolver.resolve(SystemDefaultDnsResolver.java:45)
at org.apache.http.impl.conn.DefaultClientConnectionOperator.resolveHostname(DefaultClientConnectionOperator.java:262)
at org.apache.http.impl.conn.DefaultClientConnectionOperator.openConnection(DefaultClientConnectionOperator.java:161)
at org.apache.http.impl.conn.ManagedClientConnectionImpl.open(ManagedClientConnectionImpl.java:328)
at org.apache.http.impl.client.DefaultRequestDirector.tryConnect(DefaultRequestDirector.java:612)
at org.apache.http.impl.client.DefaultRequestDirector.execute(DefaultRequestDirector.java:447)
at org.apache.http.impl.client.AbstractHttpClient.doExecute(AbstractHttpClient.java:884)
at org.apache.http.impl.client.CloseableHttpClient.execute(CloseableHttpClient.java:82)
at org.apache.http.impl.client.CloseableHttpClient.execute(CloseableHttpClient.java:55)
at org.apache.http.client.HttpClient$execute$0.call(Unknown Source)
at io.restassured.internal.RequestSpecificationImpl$RestAssuredHttpBuilder.doRequest(RequestSpecificationImpl.groovy:2122)
at io.restassured.internal.http.HTTPBuilder.post(HTTPBuilder.java:349)
at io.restassured.internal.http.HTTPBuilder$post$2.call(Unknown Source)
at io.restassured.internal.RequestSpecificationImpl.sendRequest(RequestSpecificationImpl.groovy:1269)
at sun.reflect.NativeMethodAccessorImpl.invoke0(Native Method)
at sun.reflect.NativeMethodAccessorImpl.invoke(NativeMethodAccessorImpl.java:62)
at sun.reflect.DelegatingMethodAccessorImpl.invoke(DelegatingMethodAccessorImpl.java:43)
at java.lang.reflect.Method.invoke(Method.java:498)
at org.codehaus.groovy.reflection.CachedMethod.invoke(CachedMethod.java:93)
at groovy.lang.MetaMethod.doMethodInvoke(MetaMethod.java:325)
at groovy.lang.MetaClassImpl.invokeMethod(MetaClassImpl.java:1218)
at groovy.lang.MetaClassImpl.invokeMethod(MetaClassImpl.java:1027)
at groovy.lang.MetaClassImpl.invokeMethod(MetaClassImpl.java:815)
at io.restassured.internal.RequestSpecificationImpl.invokeMethod(RequestSpecificationImpl.groovy)
at org.codehaus.groovy.runtime.callsite.PogoInterceptableSite.call(PogoInterceptableSite.java:48)
at org.codehaus.groovy.runtime.callsite.AbstractCallSite.call(AbstractCallSite.java:149)
at io.restassured.internal.filter.SendRequestFilter.filter(SendRequestFilter.groovy:30)
at io.restassured.filter.Filter$filter$0.call(Unknown Source)
at org.codehaus.groovy.runtime.callsite.CallSiteArray.defaultCall(CallSiteArray.java:48)
at io.restassured.filter.Filter$filter.call(Unknown Source)
at io.restassured.internal.filter.FilterContextImpl.next(FilterContextImpl.groovy:72)
at io.restassured.filter.time.TimingFilter.filter(TimingFilter.java:56)
at io.restassured.filter.Filter$filter.call(Unknown Source)
at org.codehaus.groovy.runtime.callsite.CallSiteArray.defaultCall(CallSiteArray.java:48)
at io.restassured.filter.Filter$filter$0.call(Unknown Source)
at io.restassured.internal.filter.FilterContextImpl.next(FilterContextImpl.groovy:72)
at io.restassured.filter.FilterContext$next.call(Unknown Source)
at io.restassured.internal.RequestSpecificationImpl.applyPathParamsAndSendRequest(RequestSpecificationImpl.groovy:1725)
at sun.reflect.NativeMethodAccessorImpl.invoke0(Native Method)
at sun.reflect.NativeMethodAccessorImpl.invoke(NativeMethodAccessorImpl.java:62)
at sun.reflect.DelegatingMethodAccessorImpl.invoke(DelegatingMethodAccessorImpl.java:43)
at java.lang.reflect.Method.invoke(Method.java:498)
at org.codehaus.groovy.reflection.CachedMethod.invoke(CachedMethod.java:93)
at groovy.lang.MetaMethod.doMethodInvoke(MetaMethod.java:325)
at groovy.lang.MetaClassImpl.invokeMethod(MetaClassImpl.java:1218)
at groovy.lang.MetaClassImpl.invokeMethod(MetaClassImpl.java:1027)
at groovy.lang.MetaClassImpl.invokeMethod(MetaClassImpl.java:815)
at io.restassured.internal.RequestSpecificationImpl.invokeMethod(RequestSpecificationImpl.groovy)
at org.codehaus.groovy.runtime.callsite.PogoInterceptableSite.call(PogoInterceptableSite.java:48)
at org.codehaus.groovy.runtime.callsite.PogoInterceptableSite.callCurrent(PogoInterceptableSite.java:58)
at org.codehaus.groovy.runtime.callsite.AbstractCallSite.callCurrent(AbstractCallSite.java:182)
at io.restassured.internal.RequestSpecificationImpl.applyPathParamsAndSendRequest(RequestSpecificationImpl.groovy:1731)
at sun.reflect.NativeMethodAccessorImpl.invoke0(Native Method)
at sun.reflect.NativeMethodAccessorImpl.invoke(NativeMethodAccessorImpl.java:62)
at sun.reflect.DelegatingMethodAccessorImpl.invoke(DelegatingMethodAccessorImpl.java:43)
at java.lang.reflect.Method.invoke(Method.java:498)
at org.codehaus.groovy.reflection.CachedMethod.invoke(CachedMethod.java:93)
at groovy.lang.MetaMethod.doMethodInvoke(MetaMethod.java:325)
at groovy.lang.MetaClassImpl.invokeMethod(MetaClassImpl.java:1218)
at groovy.lang.MetaClassImpl.invokeMethod(MetaClassImpl.java:1027)
at groovy.lang.MetaClassImpl.invokeMethod(MetaClassImpl.java:815)
at io.restassured.internal.RequestSpecificationImpl.invokeMethod(RequestSpecificationImpl.groovy)
at org.codehaus.groovy.runtime.callsite.PogoInterceptableSite.call(PogoInterceptableSite.java:48)
at org.codehaus.groovy.runtime.callsite.PogoInterceptableSite.callCurrent(PogoInterceptableSite.java:58)
at org.codehaus.groovy.runtime.callsite.AbstractCallSite.callCurrent(AbstractCallSite.java:182)
at io.restassured.internal.RequestSpecificationImpl.post(RequestSpecificationImpl.groovy:172)
at io.restassured.internal.RequestSpecificationImpl.post(RequestSpecificationImpl.groovy)
at request.RequestObject.testPost(RequestObject.java:52)
at utils.def.WarehouseMethod.createWarehouse(WarehouseMethod.java:25)
at Params.def.StorageParams.getStorage2(StorageParams.java:47)
at sun.reflect.NativeMethodAccessorImpl.invoke0(Native Method)
at sun.reflect.NativeMethodAccessorImpl.invoke(NativeMethodAccessorImpl.java:62)
at sun.reflect.DelegatingMethodAccessorImpl.invoke(DelegatingMethodAccessorImpl.java:43)
at java.lang.reflect.Method.invoke(Method.java:498)
at org.testng.internal.MethodInvocationHelper.invokeMethod(MethodInvocationHelper.java:124)
at org.testng.internal.MethodInvocationHelper.invokeMethod(MethodInvocationHelper.java:74)
at org.testng.internal.MethodInvocationHelper.invokeMethodNoCheckedException(MethodInvocationHelper.java:45)
... 32 more
]]>
            </full-stacktrace>
          </exception> <!-- java.lang.RuntimeException -->
          <reporter-output>
          </reporter-output>
        </test-method> <!-- testStorage2Post -->
      </class> <!-- def.warehouse.TestStorage2 -->
      <class name="materialLot.aplit.TestSplit">
        <test-method status="PASS" signature="testSplitPost(int, java.util.ArrayList, java.lang.String, java.lang.String)[pri:0, instance:materialLot.aplit.TestSplit@2344fc66]" name="testSplitPost" duration-ms="358" started-at="2019-03-20T08:54:27Z" data-provider="getSplit" finished-at="2019-03-20T08:54:27Z">
          <params>
            <param index="0">
              <value>
                <![CDATA[6287]]>
              </value>
            </param>
            <param index="1">
              <value>
                <![CDATA[[targets{code='51722',amount='1'}]]]>
              </value>
            </param>
            <param index="2">
              <value>
                <![CDATA[该二维码是物料二维码, 请扫描空码进行拆分]]>
              </value>
            </param>
            <param index="3">
              <value>
                <![CDATA[拆分到非空二维码中]]>
              </value>
            </param>
          </params>
          <reporter-output>
          </reporter-output>
        </test-method> <!-- testSplitPost -->
        <test-method status="PASS" signature="testSplitPost(int, java.util.ArrayList, java.lang.String, java.lang.String)[pri:0, instance:materialLot.aplit.TestSplit@2344fc66]" name="testSplitPost" duration-ms="582" started-at="2019-03-20T08:54:27Z" data-provider="getSplit" finished-at="2019-03-20T08:54:28Z">
          <params>
            <param index="0">
              <value>
                <![CDATA[6287]]>
              </value>
            </param>
            <param index="1">
              <value>
                <![CDATA[[targets{code='517210',amount='100'}]]]>
              </value>
            </param>
            <param index="2">
              <value>
                <![CDATA[成功]]>
              </value>
            </param>
            <param index="3">
              <value>
                <![CDATA[拆分到原二维码数量等于0的二维码中]]>
              </value>
            </param>
          </params>
          <reporter-output>
          </reporter-output>
        </test-method> <!-- testSplitPost -->
        <test-method status="PASS" signature="testSplitPost(int, java.util.ArrayList, java.lang.String, java.lang.String)[pri:0, instance:materialLot.aplit.TestSplit@2344fc66]" name="testSplitPost" duration-ms="286" started-at="2019-03-20T08:54:28Z" data-provider="getSplit" finished-at="2019-03-20T08:54:28Z">
          <params>
            <param index="0">
              <value>
                <![CDATA[6287]]>
              </value>
            </param>
            <param index="1">
              <value>
                <![CDATA[[targets{code='517210',amount='0'}]]]>
              </value>
            </param>
            <param index="2">
              <value>
                <![CDATA[物料拆分后的新物料数量必须大于零]]>
              </value>
            </param>
            <param index="3">
              <value>
                <![CDATA[拆分的新二维码数量大于0]]>
              </value>
            </param>
          </params>
          <reporter-output>
          </reporter-output>
        </test-method> <!-- testSplitPost -->
        <test-method status="PASS" signature="testSplitPost(int, java.util.ArrayList, java.lang.String, java.lang.String)[pri:0, instance:materialLot.aplit.TestSplit@2344fc66]" name="testSplitPost" duration-ms="683" started-at="2019-03-20T08:54:28Z" data-provider="getSplit" finished-at="2019-03-20T08:54:29Z">
          <params>
            <param index="0">
              <value>
                <![CDATA[6288]]>
              </value>
            </param>
            <param index="1">
              <value>
                <![CDATA[[targets{code='517211',amount='1'}, targets{code='517212',amount='1'}]]]>
              </value>
            </param>
            <param index="2">
              <value>
                <![CDATA[成功]]>
              </value>
            </param>
            <param index="3">
              <value>
                <![CDATA[拆分到原二维码数量大余0的多个二维码中]]>
              </value>
            </param>
          </params>
          <reporter-output>
          </reporter-output>
        </test-method> <!-- testSplitPost -->
      </class> <!-- materialLot.aplit.TestSplit -->
      <class name="def.material.TestMaterial">
        <test-method status="PASS" signature="getUnitId()[pri:0, instance:def.material.TestMaterial@6574b225]" name="getUnitId" is-config="true" duration-ms="514" started-at="2019-03-20T08:54:21Z" finished-at="2019-03-20T08:54:21Z">
          <reporter-output>
          </reporter-output>
        </test-method> <!-- getUnitId -->
        <test-method status="PASS" signature="testMaterialPost(java.lang.String, java.lang.String, int, java.lang.String)[pri:0, instance:def.material.TestMaterial@6574b225]" name="testMaterialPost" duration-ms="211" started-at="2019-03-20T08:54:21Z" data-provider="getMaterial" finished-at="2019-03-20T08:54:22Z">
          <params>
            <param index="0">
              <value>
                <![CDATA[material17969]]>
              </value>
            </param>
            <param index="1">
              <value>
                <![CDATA[]]>
              </value>
            </param>
            <param index="2">
              <value>
                <![CDATA[400]]>
              </value>
            </param>
            <param index="3">
              <value>
                <![CDATA[创建有编码没有名称的物料]]>
              </value>
            </param>
          </params>
          <reporter-output>
          </reporter-output>
        </test-method> <!-- testMaterialPost -->
        <test-method status="PASS" signature="testMaterialPost(java.lang.String, java.lang.String, int, java.lang.String)[pri:0, instance:def.material.TestMaterial@6574b225]" name="testMaterialPost" duration-ms="285" started-at="2019-03-20T08:54:22Z" data-provider="getMaterial" finished-at="2019-03-20T08:54:22Z">
          <params>
            <param index="0">
              <value>
                <![CDATA[]]>
              </value>
            </param>
            <param index="1">
              <value>
                <![CDATA[7969]]>
              </value>
            </param>
            <param index="2">
              <value>
                <![CDATA[400]]>
              </value>
            </param>
            <param index="3">
              <value>
                <![CDATA[创建无编码有名称的物料]]>
              </value>
            </param>
          </params>
          <reporter-output>
          </reporter-output>
        </test-method> <!-- testMaterialPost -->
        <test-method status="PASS" signature="testMaterialPost(java.lang.String, java.lang.String, int, java.lang.String)[pri:0, instance:def.material.TestMaterial@6574b225]" name="testMaterialPost" duration-ms="404" started-at="2019-03-20T08:54:22Z" data-provider="getMaterial" finished-at="2019-03-20T08:54:22Z">
          <params>
            <param index="0">
              <value>
                <![CDATA[material7969]]>
              </value>
            </param>
            <param index="1">
              <value>
                <![CDATA[test0002]]>
              </value>
            </param>
            <param index="2">
              <value>
                <![CDATA[200]]>
              </value>
            </param>
            <param index="3">
              <value>
                <![CDATA[创建有编码有名称的物料]]>
              </value>
            </param>
          </params>
          <reporter-output>
          </reporter-output>
        </test-method> <!-- testMaterialPost -->
        <test-method status="PASS" signature="testMaterialPost(java.lang.String, java.lang.String, int, java.lang.String)[pri:0, instance:def.material.TestMaterial@6574b225]" name="testMaterialPost" duration-ms="280" started-at="2019-03-20T08:54:22Z" data-provider="getMaterial" finished-at="2019-03-20T08:54:23Z">
          <params>
            <param index="0">
              <value>
                <![CDATA[material7969]]>
              </value>
            </param>
            <param index="1">
              <value>
                <![CDATA[7969]]>
              </value>
            </param>
            <param index="2">
              <value>
                <![CDATA[400]]>
              </value>
            </param>
            <param index="3">
              <value>
                <![CDATA[创建编码重复的物料]]>
              </value>
            </param>
          </params>
          <reporter-output>
          </reporter-output>
        </test-method> <!-- testMaterialPost -->
        <test-method status="PASS" signature="testMaterialStatus(java.lang.String, java.lang.String, int, java.lang.String)[pri:0, instance:def.material.TestMaterial@6574b225]" name="testMaterialStatus" duration-ms="367" started-at="2019-03-20T08:54:23Z" data-provider="getMaterialStatus" finished-at="2019-03-20T08:54:23Z">
          <params>
            <param index="0">
              <value>
                <![CDATA[3359]]>
              </value>
            </param>
            <param index="1">
              <value>
                <![CDATA[3359]]>
              </value>
            </param>
            <param index="2">
              <value>
                <![CDATA[1]]>
              </value>
            </param>
            <param index="3">
              <value>
                <![CDATA[创建状态为启用中的物料]]>
              </value>
            </param>
          </params>
          <reporter-output>
          </reporter-output>
        </test-method> <!-- testMaterialStatus -->
        <test-method status="PASS" signature="testMaterialStatus(java.lang.String, java.lang.String, int, java.lang.String)[pri:0, instance:def.material.TestMaterial@6574b225]" name="testMaterialStatus" duration-ms="341" started-at="2019-03-20T08:54:23Z" data-provider="getMaterialStatus" finished-at="2019-03-20T08:54:23Z">
          <params>
            <param index="0">
              <value>
                <![CDATA[33591]]>
              </value>
            </param>
            <param index="1">
              <value>
                <![CDATA[3359]]>
              </value>
            </param>
            <param index="2">
              <value>
                <![CDATA[0]]>
              </value>
            </param>
            <param index="3">
              <value>
                <![CDATA[创建状态为停用中的物料]]>
              </value>
            </param>
          </params>
          <reporter-output>
          </reporter-output>
        </test-method> <!-- testMaterialStatus -->
      </class> <!-- def.material.TestMaterial -->
      <class name="def.warehouse.TestStorage1">
        <test-method status="SKIP" signature="testStorage1Post(java.lang.String, java.lang.String, java.lang.String, int, int, java.lang.String)[pri:0, instance:def.warehouse.TestStorage1@32e6e9c3]" name="testStorage1Post" duration-ms="0" started-at="2019-03-20T08:54:20Z" data-provider="getStorage1" finished-at="2019-03-20T08:54:20Z">
          <exception class="java.lang.RuntimeException">
            <message>
              <![CDATA[java.net.UnknownHostException: def-feature.test.blacklake.techwarehouse]]>
            </message>
            <full-stacktrace>
              <![CDATA[java.lang.RuntimeException: java.net.UnknownHostException: def-feature.test.blacklake.techwarehouse
at org.testng.internal.MethodInvocationHelper.invokeMethodNoCheckedException(MethodInvocationHelper.java:49)
at org.testng.internal.MethodInvocationHelper.invokeDataProvider(MethodInvocationHelper.java:131)
at org.testng.internal.Parameters.handleParameters(Parameters.java:706)
at org.testng.internal.ParameterHandler.handleParameters(ParameterHandler.java:49)
at org.testng.internal.ParameterHandler.createParameters(ParameterHandler.java:37)
at org.testng.internal.Invoker.invokeTestMethods(Invoker.java:924)
at org.testng.internal.TestMethodWorker.invokeTestMethods(TestMethodWorker.java:125)
at org.testng.internal.TestMethodWorker.run(TestMethodWorker.java:109)
at org.testng.TestRunner.privateRun(TestRunner.java:648)
at org.testng.TestRunner.run(TestRunner.java:505)
at org.testng.SuiteRunner.runTest(SuiteRunner.java:455)
at org.testng.SuiteRunner.runSequentially(SuiteRunner.java:450)
at org.testng.SuiteRunner.privateRun(SuiteRunner.java:415)
at org.testng.SuiteRunner.run(SuiteRunner.java:364)
at org.testng.SuiteRunnerWorker.runSuite(SuiteRunnerWorker.java:52)
at org.testng.SuiteRunnerWorker.run(SuiteRunnerWorker.java:84)
at org.testng.TestNG.runSuitesSequentially(TestNG.java:1208)
at org.testng.TestNG.runSuitesLocally(TestNG.java:1137)
at org.testng.TestNG.runSuites(TestNG.java:1049)
at org.testng.TestNG.run(TestNG.java:1017)
at org.apache.maven.surefire.testng.TestNGExecutor.run(TestNGExecutor.java:77)
at org.apache.maven.surefire.testng.TestNGDirectoryTestSuite.executeMulti(TestNGDirectoryTestSuite.java:159)
at org.apache.maven.surefire.testng.TestNGDirectoryTestSuite.execute(TestNGDirectoryTestSuite.java:99)
at org.apache.maven.surefire.testng.TestNGProvider.invoke(TestNGProvider.java:106)
at sun.reflect.NativeMethodAccessorImpl.invoke0(Native Method)
at sun.reflect.NativeMethodAccessorImpl.invoke(NativeMethodAccessorImpl.java:62)
at sun.reflect.DelegatingMethodAccessorImpl.invoke(DelegatingMethodAccessorImpl.java:43)
at java.lang.reflect.Method.invoke(Method.java:498)
at org.apache.maven.surefire.util.ReflectionUtils.invokeMethodWithArray(ReflectionUtils.java:189)
at org.apache.maven.surefire.booter.ProviderFactory$ProviderProxy.invoke(ProviderFactory.java:165)
at org.apache.maven.surefire.booter.ProviderFactory.invokeProvider(ProviderFactory.java:85)
at org.apache.maven.surefire.booter.ForkedBooter.runSuitesInProcess(ForkedBooter.java:115)
at org.apache.maven.surefire.booter.ForkedBooter.main(ForkedBooter.java:75)
Caused by: java.net.UnknownHostException: def-feature.test.blacklake.techwarehouse
at java.net.InetAddress.getAllByName0(InetAddress.java:1280)
at java.net.InetAddress.getAllByName(InetAddress.java:1192)
at java.net.InetAddress.getAllByName(InetAddress.java:1126)
at org.apache.http.impl.conn.SystemDefaultDnsResolver.resolve(SystemDefaultDnsResolver.java:45)
at org.apache.http.impl.conn.DefaultClientConnectionOperator.resolveHostname(DefaultClientConnectionOperator.java:262)
at org.apache.http.impl.conn.DefaultClientConnectionOperator.openConnection(DefaultClientConnectionOperator.java:161)
at org.apache.http.impl.conn.ManagedClientConnectionImpl.open(ManagedClientConnectionImpl.java:328)
at org.apache.http.impl.client.DefaultRequestDirector.tryConnect(DefaultRequestDirector.java:612)
at org.apache.http.impl.client.DefaultRequestDirector.execute(DefaultRequestDirector.java:447)
at org.apache.http.impl.client.AbstractHttpClient.doExecute(AbstractHttpClient.java:884)
at org.apache.http.impl.client.CloseableHttpClient.execute(CloseableHttpClient.java:82)
at org.apache.http.impl.client.CloseableHttpClient.execute(CloseableHttpClient.java:55)
at org.apache.http.client.HttpClient$execute$0.call(Unknown Source)
at io.restassured.internal.RequestSpecificationImpl$RestAssuredHttpBuilder.doRequest(RequestSpecificationImpl.groovy:2122)
at io.restassured.internal.http.HTTPBuilder.post(HTTPBuilder.java:349)
at io.restassured.internal.http.HTTPBuilder$post$2.call(Unknown Source)
at io.restassured.internal.RequestSpecificationImpl.sendRequest(RequestSpecificationImpl.groovy:1269)
at sun.reflect.NativeMethodAccessorImpl.invoke0(Native Method)
at sun.reflect.NativeMethodAccessorImpl.invoke(NativeMethodAccessorImpl.java:62)
at sun.reflect.DelegatingMethodAccessorImpl.invoke(DelegatingMethodAccessorImpl.java:43)
at java.lang.reflect.Method.invoke(Method.java:498)
at org.codehaus.groovy.reflection.CachedMethod.invoke(CachedMethod.java:93)
at groovy.lang.MetaMethod.doMethodInvoke(MetaMethod.java:325)
at groovy.lang.MetaClassImpl.invokeMethod(MetaClassImpl.java:1218)
at groovy.lang.MetaClassImpl.invokeMethod(MetaClassImpl.java:1027)
at groovy.lang.MetaClassImpl.invokeMethod(MetaClassImpl.java:815)
at io.restassured.internal.RequestSpecificationImpl.invokeMethod(RequestSpecificationImpl.groovy)
at org.codehaus.groovy.runtime.callsite.PogoInterceptableSite.call(PogoInterceptableSite.java:48)
at org.codehaus.groovy.runtime.callsite.AbstractCallSite.call(AbstractCallSite.java:149)
at io.restassured.internal.filter.SendRequestFilter.filter(SendRequestFilter.groovy:30)
at io.restassured.filter.Filter$filter$0.call(Unknown Source)
at org.codehaus.groovy.runtime.callsite.CallSiteArray.defaultCall(CallSiteArray.java:48)
at io.restassured.filter.Filter$filter.call(Unknown Source)
at io.restassured.internal.filter.FilterContextImpl.next(FilterContextImpl.groovy:72)
at io.restassured.filter.time.TimingFilter.filter(TimingFilter.java:56)
at io.restassured.filter.Filter$filter.call(Unknown Source)
at org.codehaus.groovy.runtime.callsite.CallSiteArray.defaultCall(CallSiteArray.java:48)
at io.restassured.filter.Filter$filter$0.call(Unknown Source)
at io.restassured.internal.filter.FilterContextImpl.next(FilterContextImpl.groovy:72)
at io.restassured.filter.FilterContext$next.call(Unknown Source)
at io.restassured.internal.RequestSpecificationImpl.applyPathParamsAndSendRequest(RequestSpecificationImpl.groovy:1725)
at sun.reflect.NativeMethodAccessorImpl.invoke0(Native Method)
at sun.reflect.NativeMethodAccessorImpl.invoke(NativeMethodAccessorImpl.java:62)
at sun.reflect.DelegatingMethodAccessorImpl.invoke(DelegatingMethodAccessorImpl.java:43)
at java.lang.reflect.Method.invoke(Method.java:498)
at org.codehaus.groovy.reflection.CachedMethod.invoke(CachedMethod.java:93)
at groovy.lang.MetaMethod.doMethodInvoke(MetaMethod.java:325)
at groovy.lang.MetaClassImpl.invokeMethod(MetaClassImpl.java:1218)
at groovy.lang.MetaClassImpl.invokeMethod(MetaClassImpl.java:1027)
at groovy.lang.MetaClassImpl.invokeMethod(MetaClassImpl.java:815)
at io.restassured.internal.RequestSpecificationImpl.invokeMethod(RequestSpecificationImpl.groovy)
at org.codehaus.groovy.runtime.callsite.PogoInterceptableSite.call(PogoInterceptableSite.java:48)
at org.codehaus.groovy.runtime.callsite.PogoInterceptableSite.callCurrent(PogoInterceptableSite.java:58)
at org.codehaus.groovy.runtime.callsite.AbstractCallSite.callCurrent(AbstractCallSite.java:182)
at io.restassured.internal.RequestSpecificationImpl.applyPathParamsAndSendRequest(RequestSpecificationImpl.groovy:1731)
at sun.reflect.NativeMethodAccessorImpl.invoke0(Native Method)
at sun.reflect.NativeMethodAccessorImpl.invoke(NativeMethodAccessorImpl.java:62)
at sun.reflect.DelegatingMethodAccessorImpl.invoke(DelegatingMethodAccessorImpl.java:43)
at java.lang.reflect.Method.invoke(Method.java:498)
at org.codehaus.groovy.reflection.CachedMethod.invoke(CachedMethod.java:93)
at groovy.lang.MetaMethod.doMethodInvoke(MetaMethod.java:325)
at groovy.lang.MetaClassImpl.invokeMethod(MetaClassImpl.java:1218)
at groovy.lang.MetaClassImpl.invokeMethod(MetaClassImpl.java:1027)
at groovy.lang.MetaClassImpl.invokeMethod(MetaClassImpl.java:815)
at io.restassured.internal.RequestSpecificationImpl.invokeMethod(RequestSpecificationImpl.groovy)
at org.codehaus.groovy.runtime.callsite.PogoInterceptableSite.call(PogoInterceptableSite.java:48)
at org.codehaus.groovy.runtime.callsite.PogoInterceptableSite.callCurrent(PogoInterceptableSite.java:58)
at org.codehaus.groovy.runtime.callsite.AbstractCallSite.callCurrent(AbstractCallSite.java:182)
at io.restassured.internal.RequestSpecificationImpl.post(RequestSpecificationImpl.groovy:172)
at io.restassured.internal.RequestSpecificationImpl.post(RequestSpecificationImpl.groovy)
at request.RequestObject.testPost(RequestObject.java:52)
at utils.def.WarehouseMethod.createWarehouse(WarehouseMethod.java:25)
at Params.def.StorageParams.getStorage1(StorageParams.java:23)
at sun.reflect.NativeMethodAccessorImpl.invoke0(Native Method)
at sun.reflect.NativeMethodAccessorImpl.invoke(NativeMethodAccessorImpl.java:62)
at sun.reflect.DelegatingMethodAccessorImpl.invoke(DelegatingMethodAccessorImpl.java:43)
at java.lang.reflect.Method.invoke(Method.java:498)
at org.testng.internal.MethodInvocationHelper.invokeMethod(MethodInvocationHelper.java:124)
at org.testng.internal.MethodInvocationHelper.invokeMethod(MethodInvocationHelper.java:74)
at org.testng.internal.MethodInvocationHelper.invokeMethodNoCheckedException(MethodInvocationHelper.java:45)
... 32 more
]]>
            </full-stacktrace>
          </exception> <!-- java.lang.RuntimeException -->
          <reporter-output>
          </reporter-output>
        </test-method> <!-- testStorage1Post -->
      </class> <!-- def.warehouse.TestStorage1 -->
      <class name="def.unit.TestUnit">
        <test-method status="PASS" signature="testUnitPost(java.lang.String, java.lang.String, int, java.lang.String)[pri:0, instance:def.unit.TestUnit@5cc7c2a6]" name="testUnitPost" duration-ms="1601" started-at="2019-03-20T08:54:16Z" data-provider="getUnit" finished-at="2019-03-20T08:54:17Z">
          <params>
            <param index="0">
              <value>
                <![CDATA[unit1200]]>
              </value>
            </param>
            <param index="1">
              <value>
                <![CDATA[]]>
              </value>
            </param>
            <param index="2">
              <value>
                <![CDATA[200]]>
              </value>
            </param>
            <param index="3">
              <value>
                <![CDATA[创建有名称没有描述的单位]]>
              </value>
            </param>
          </params>
          <reporter-output>
          </reporter-output>
        </test-method> <!-- testUnitPost -->
        <test-method status="PASS" signature="testUnitPost(java.lang.String, java.lang.String, int, java.lang.String)[pri:0, instance:def.unit.TestUnit@5cc7c2a6]" name="testUnitPost" duration-ms="225" started-at="2019-03-20T08:54:17Z" data-provider="getUnit" finished-at="2019-03-20T08:54:17Z">
          <params>
            <param index="0">
              <value>
                <![CDATA[]]>
              </value>
            </param>
            <param index="1">
              <value>
                <![CDATA[test0001]]>
              </value>
            </param>
            <param index="2">
              <value>
                <![CDATA[400]]>
              </value>
            </param>
            <param index="3">
              <value>
                <![CDATA[创建无名称有描述的单位]]>
              </value>
            </param>
          </params>
          <reporter-output>
          </reporter-output>
        </test-method> <!-- testUnitPost -->
        <test-method status="PASS" signature="testUnitPost(java.lang.String, java.lang.String, int, java.lang.String)[pri:0, instance:def.unit.TestUnit@5cc7c2a6]" name="testUnitPost" duration-ms="283" started-at="2019-03-20T08:54:17Z" data-provider="getUnit" finished-at="2019-03-20T08:54:18Z">
          <params>
            <param index="0">
              <value>
                <![CDATA[unit11200]]>
              </value>
            </param>
            <param index="1">
              <value>
                <![CDATA[test0002]]>
              </value>
            </param>
            <param index="2">
              <value>
                <![CDATA[200]]>
              </value>
            </param>
            <param index="3">
              <value>
                <![CDATA[创建有名称有描述的单位]]>
              </value>
            </param>
          </params>
          <reporter-output>
          </reporter-output>
        </test-method> <!-- testUnitPost -->
        <test-method status="PASS" signature="testUnitPost(java.lang.String, java.lang.String, int, java.lang.String)[pri:0, instance:def.unit.TestUnit@5cc7c2a6]" name="testUnitPost" duration-ms="287" started-at="2019-03-20T08:54:18Z" data-provider="getUnit" finished-at="2019-03-20T08:54:18Z">
          <params>
            <param index="0">
              <value>
                <![CDATA[unit1200]]>
              </value>
            </param>
            <param index="1">
              <value>
                <![CDATA[test00023]]>
              </value>
            </param>
            <param index="2">
              <value>
                <![CDATA[400]]>
              </value>
            </param>
            <param index="3">
              <value>
                <![CDATA[创建名称重复的单位]]>
              </value>
            </param>
          </params>
          <reporter-output>
          </reporter-output>
        </test-method> <!-- testUnitPost -->
      </class> <!-- def.unit.TestUnit -->
      <class name="materialLot.adjust.TestAdjust">
        <test-method status="PASS" signature="testAdjustPost(int, java.lang.String, int, int, java.lang.String, java.lang.String)[pri:0, instance:materialLot.adjust.TestAdjust@2669b199]" name="testAdjustPost" duration-ms="622" started-at="2019-03-20T08:54:24Z" data-provider="getAdjust" finished-at="2019-03-20T08:54:25Z">
          <params>
            <param index="0">
              <value>
                <![CDATA[6286]]>
              </value>
            </param>
            <param index="1">
              <value>
                <![CDATA[adjust1]]>
              </value>
            </param>
            <param index="2">
              <value>
                <![CDATA[100]]>
              </value>
            </param>
            <param index="3">
              <value>
                <![CDATA[-10]]>
              </value>
            </param>
            <param index="4">
              <value>
                <![CDATA[成功]]>
              </value>
            </param>
            <param index="5">
              <value>
                <![CDATA[物料调整数量减少]]>
              </value>
            </param>
          </params>
          <reporter-output>
          </reporter-output>
        </test-method> <!-- testAdjustPost -->
        <test-method status="PASS" signature="testAdjustPost(int, java.lang.String, int, int, java.lang.String, java.lang.String)[pri:0, instance:materialLot.adjust.TestAdjust@2669b199]" name="testAdjustPost" duration-ms="587" started-at="2019-03-20T08:54:25Z" data-provider="getAdjust" finished-at="2019-03-20T08:54:25Z">
          <params>
            <param index="0">
              <value>
                <![CDATA[6286]]>
              </value>
            </param>
            <param index="1">
              <value>
                <![CDATA[adjust1]]>
              </value>
            </param>
            <param index="2">
              <value>
                <![CDATA[90]]>
              </value>
            </param>
            <param index="3">
              <value>
                <![CDATA[10]]>
              </value>
            </param>
            <param index="4">
              <value>
                <![CDATA[成功]]>
              </value>
            </param>
            <param index="5">
              <value>
                <![CDATA[物料调整数量增加]]>
              </value>
            </param>
          </params>
          <reporter-output>
          </reporter-output>
        </test-method> <!-- testAdjustPost -->
        <test-method status="PASS" signature="testAdjustPost(int, java.lang.String, int, int, java.lang.String, java.lang.String)[pri:0, instance:materialLot.adjust.TestAdjust@2669b199]" name="testAdjustPost" duration-ms="433" started-at="2019-03-20T08:54:25Z" data-provider="getAdjust" finished-at="2019-03-20T08:54:26Z">
          <params>
            <param index="0">
              <value>
                <![CDATA[6286]]>
              </value>
            </param>
            <param index="1">
              <value>
                <![CDATA[adjust1]]>
              </value>
            </param>
            <param index="2">
              <value>
                <![CDATA[100]]>
              </value>
            </param>
            <param index="3">
              <value>
                <![CDATA[-200]]>
              </value>
            </param>
            <param index="4">
              <value>
                <![CDATA[物料数量不能为负]]>
              </value>
            </param>
            <param index="5">
              <value>
                <![CDATA[物料调整数量为负数]]>
              </value>
            </param>
          </params>
          <reporter-output>
          </reporter-output>
        </test-method> <!-- testAdjustPost -->
        <test-method status="PASS" signature="testAdjustPost(int, java.lang.String, int, int, java.lang.String, java.lang.String)[pri:0, instance:materialLot.adjust.TestAdjust@2669b199]" name="testAdjustPost" duration-ms="487" started-at="2019-03-20T08:54:26Z" data-provider="getAdjust" finished-at="2019-03-20T08:54:26Z">
          <params>
            <param index="0">
              <value>
                <![CDATA[6286]]>
              </value>
            </param>
            <param index="1">
              <value>
                <![CDATA[adjust1]]>
              </value>
            </param>
            <param index="2">
              <value>
                <![CDATA[100]]>
              </value>
            </param>
            <param index="3">
              <value>
                <![CDATA[-100]]>
              </value>
            </param>
            <param index="4">
              <value>
                <![CDATA[成功]]>
              </value>
            </param>
            <param index="5">
              <value>
                <![CDATA[物料调整数量为0]]>
              </value>
            </param>
          </params>
          <reporter-output>
          </reporter-output>
        </test-method> <!-- testAdjustPost -->
      </class> <!-- materialLot.adjust.TestAdjust -->
      <class name="materialLot.deliver.TestDeliver">
        <test-method status="PASS" signature="testDelivertPost(java.lang.String, [I, int, java.lang.String)[pri:0, instance:materialLot.deliver.TestDeliver@5afa04c]" name="testDelivertPost" duration-ms="505" started-at="2019-03-20T08:54:32Z" data-provider="getDeliver" finished-at="2019-03-20T08:54:33Z">
          <params>
            <param index="0">
              <value>
                <![CDATA[1000001]]>
              </value>
            </param>
            <param index="1">
              <value>
                <![CDATA[[I@58f174d9]]>
              </value>
            </param>
            <param index="2">
              <value>
                <![CDATA[200]]>
              </value>
            </param>
            <param index="3">
              <value>
                <![CDATA[创建只有一个二维码的出厂数据]]>
              </value>
            </param>
          </params>
          <reporter-output>
          </reporter-output>
        </test-method> <!-- testDelivertPost -->
        <test-method status="PASS" signature="testDelivertPost(java.lang.String, [I, int, java.lang.String)[pri:0, instance:materialLot.deliver.TestDeliver@5afa04c]" name="testDelivertPost" duration-ms="512" started-at="2019-03-20T08:54:33Z" data-provider="getDeliver" finished-at="2019-03-20T08:54:33Z">
          <params>
            <param index="0">
              <value>
                <![CDATA[1000001]]>
              </value>
            </param>
            <param index="1">
              <value>
                <![CDATA[[I@78c7f9b3]]>
              </value>
            </param>
            <param index="2">
              <value>
                <![CDATA[200]]>
              </value>
            </param>
            <param index="3">
              <value>
                <![CDATA[创建两种物料二维码的出厂数据]]>
              </value>
            </param>
          </params>
          <reporter-output>
          </reporter-output>
        </test-method> <!-- testDelivertPost -->
        <test-method status="PASS" signature="testDelivertPost(java.lang.String, [I, int, java.lang.String)[pri:0, instance:materialLot.deliver.TestDeliver@5afa04c]" name="testDelivertPost" duration-ms="356" started-at="2019-03-20T08:54:33Z" data-provider="getDeliver" finished-at="2019-03-20T08:54:33Z">
          <params>
            <param index="0">
              <value>
                <![CDATA[1000001]]>
              </value>
            </param>
            <param index="1">
              <value>
                <![CDATA[[I@58f174d9]]>
              </value>
            </param>
            <param index="2">
              <value>
                <![CDATA[400]]>
              </value>
            </param>
            <param index="3">
              <value>
                <![CDATA[创建空二维码的出厂数据]]>
              </value>
            </param>
          </params>
          <reporter-output>
          </reporter-output>
        </test-method> <!-- testDelivertPost -->
        <test-method status="PASS" signature="testDelivertPost(java.lang.String, [I, int, java.lang.String)[pri:0, instance:materialLot.deliver.TestDeliver@5afa04c]" name="testDelivertPost" duration-ms="244" started-at="2019-03-20T08:54:33Z" data-provider="getDeliver" finished-at="2019-03-20T08:54:34Z">
          <params>
            <param index="0">
              <value>
                <![CDATA[1000001]]>
              </value>
            </param>
            <param index="1">
              <value>
                <![CDATA[[I@6f8d7714]]>
              </value>
            </param>
            <param index="2">
              <value>
                <![CDATA[400]]>
              </value>
            </param>
            <param index="3">
              <value>
                <![CDATA[创建没有二维码的出厂数据]]>
              </value>
            </param>
          </params>
          <reporter-output>
          </reporter-output>
        </test-method> <!-- testDelivertPost -->
      </class> <!-- materialLot.deliver.TestDeliver -->
      <class name="def.warehouse.TestWarehouse">
        <test-method status="PASS" signature="testwarehousePost(java.lang.String, java.lang.String, int, int, java.lang.String)[pri:0, instance:def.warehouse.TestWarehouse@5056dfcb]" name="testwarehousePost" duration-ms="323" started-at="2019-03-20T08:54:20Z" data-provider="getWarehouse" finished-at="2019-03-20T08:54:20Z">
          <params>
            <param index="0">
              <value>
                <![CDATA[warehouse3013]]>
              </value>
            </param>
            <param index="1">
              <value>
                <![CDATA[]]>
              </value>
            </param>
            <param index="2">
              <value>
                <![CDATA[1]]>
              </value>
            </param>
            <param index="3">
              <value>
                <![CDATA[400]]>
              </value>
            </param>
            <param index="4">
              <value>
                <![CDATA[创建有编码没有名称的仓库]]>
              </value>
            </param>
          </params>
          <reporter-output>
          </reporter-output>
        </test-method> <!-- testwarehousePost -->
        <test-method status="PASS" signature="testwarehousePost(java.lang.String, java.lang.String, int, int, java.lang.String)[pri:0, instance:def.warehouse.TestWarehouse@5056dfcb]" name="testwarehousePost" duration-ms="242" started-at="2019-03-20T08:54:20Z" data-provider="getWarehouse" finished-at="2019-03-20T08:54:20Z">
          <params>
            <param index="0">
              <value>
                <![CDATA[]]>
              </value>
            </param>
            <param index="1">
              <value>
                <![CDATA[3013]]>
              </value>
            </param>
            <param index="2">
              <value>
                <![CDATA[1]]>
              </value>
            </param>
            <param index="3">
              <value>
                <![CDATA[400]]>
              </value>
            </param>
            <param index="4">
              <value>
                <![CDATA[创建无编码有名称的仓库]]>
              </value>
            </param>
          </params>
          <reporter-output>
          </reporter-output>
        </test-method> <!-- testwarehousePost -->
        <test-method status="PASS" signature="testwarehousePost(java.lang.String, java.lang.String, int, int, java.lang.String)[pri:0, instance:def.warehouse.TestWarehouse@5056dfcb]" name="testwarehousePost" duration-ms="349" started-at="2019-03-20T08:54:20Z" data-provider="getWarehouse" finished-at="2019-03-20T08:54:21Z">
          <params>
            <param index="0">
              <value>
                <![CDATA[warehouse3013]]>
              </value>
            </param>
            <param index="1">
              <value>
                <![CDATA[3013]]>
              </value>
            </param>
            <param index="2">
              <value>
                <![CDATA[1]]>
              </value>
            </param>
            <param index="3">
              <value>
                <![CDATA[200]]>
              </value>
            </param>
            <param index="4">
              <value>
                <![CDATA[创建有编码有名称的仓库]]>
              </value>
            </param>
          </params>
          <reporter-output>
          </reporter-output>
        </test-method> <!-- testwarehousePost -->
        <test-method status="PASS" signature="testwarehousePost(java.lang.String, java.lang.String, int, int, java.lang.String)[pri:0, instance:def.warehouse.TestWarehouse@5056dfcb]" name="testwarehousePost" duration-ms="284" started-at="2019-03-20T08:54:21Z" data-provider="getWarehouse" finished-at="2019-03-20T08:54:21Z">
          <params>
            <param index="0">
              <value>
                <![CDATA[warehouse3013]]>
              </value>
            </param>
            <param index="1">
              <value>
                <![CDATA[3013]]>
              </value>
            </param>
            <param index="2">
              <value>
                <![CDATA[1]]>
              </value>
            </param>
            <param index="3">
              <value>
                <![CDATA[400]]>
              </value>
            </param>
            <param index="4">
              <value>
                <![CDATA[创建编码重复的仓库]]>
              </value>
            </param>
          </params>
          <reporter-output>
          </reporter-output>
        </test-method> <!-- testwarehousePost -->
      </class> <!-- def.warehouse.TestWarehouse -->
      <class name="def.eBOM.TestEBOM">
        <test-method status="PASS" signature="testEBOMPost(java.lang.String, java.lang.String, int, int, java.lang.String, java.util.ArrayList, int, java.lang.String)[pri:0, instance:def.eBOM.TestEBOM@b97c004]" name="testEBOMPost" duration-ms="281" started-at="2019-03-20T08:54:18Z" data-provider="getEBOM" finished-at="2019-03-20T08:54:18Z">
          <params>
            <param index="0">
              <value>
                <![CDATA[1000003]]>
              </value>
            </param>
            <param index="1">
              <value>
                <![CDATA[1000003]]>
              </value>
            </param>
            <param index="2">
              <value>
                <![CDATA[1]]>
              </value>
            </param>
            <param index="3">
              <value>
                <![CDATA[1]]>
              </value>
            </param>
            <param index="4">
              <value>
                <![CDATA[]]>
              </value>
            </param>
            <param index="5">
              <value>
                <![CDATA[[RawMaterial{amount='1', lossRate='1',currentUnitId;1', materialCode='1000001', regulatoryControl=true}, RawMaterial{amount='1', lossRate='1',currentUnitId;1', materialCode='1000002', regulatoryControl=true}]]]>
              </value>
            </param>
            <param index="6">
              <value>
                <![CDATA[400]]>
              </value>
            </param>
            <param index="7">
              <value>
                <![CDATA[创建版本号为空的物料清单]]>
              </value>
            </param>
          </params>
          <reporter-output>
          </reporter-output>
        </test-method> <!-- testEBOMPost -->
        <test-method status="PASS" signature="testEBOMPost(java.lang.String, java.lang.String, int, int, java.lang.String, java.util.ArrayList, int, java.lang.String)[pri:0, instance:def.eBOM.TestEBOM@b97c004]" name="testEBOMPost" duration-ms="428" started-at="2019-03-20T08:54:18Z" data-provider="getEBOM" finished-at="2019-03-20T08:54:19Z">
          <params>
            <param index="0">
              <value>
                <![CDATA[1000003]]>
              </value>
            </param>
            <param index="1">
              <value>
                <![CDATA[1000003]]>
              </value>
            </param>
            <param index="2">
              <value>
                <![CDATA[1]]>
              </value>
            </param>
            <param index="3">
              <value>
                <![CDATA[1]]>
              </value>
            </param>
            <param index="4">
              <value>
                <![CDATA[41122]]>
              </value>
            </param>
            <param index="5">
              <value>
                <![CDATA[[RawMaterial{amount='1', lossRate='1',currentUnitId;1', materialCode='1000001', regulatoryControl=true}, RawMaterial{amount='1', lossRate='1',currentUnitId;1', materialCode='1000002', regulatoryControl=true}]]]>
              </value>
            </param>
            <param index="6">
              <value>
                <![CDATA[200]]>
              </value>
            </param>
            <param index="7">
              <value>
                <![CDATA[创建有效的物料清单]]>
              </value>
            </param>
          </params>
          <reporter-output>
          </reporter-output>
        </test-method> <!-- testEBOMPost -->
        <test-method status="PASS" signature="testEBOMPost(java.lang.String, java.lang.String, int, int, java.lang.String, java.util.ArrayList, int, java.lang.String)[pri:0, instance:def.eBOM.TestEBOM@b97c004]" name="testEBOMPost" duration-ms="341" started-at="2019-03-20T08:54:19Z" data-provider="getEBOM" finished-at="2019-03-20T08:54:19Z">
          <params>
            <param index="0">
              <value>
                <![CDATA[1000003]]>
              </value>
            </param>
            <param index="1">
              <value>
                <![CDATA[1000003]]>
              </value>
            </param>
            <param index="2">
              <value>
                <![CDATA[1]]>
              </value>
            </param>
            <param index="3">
              <value>
                <![CDATA[1]]>
              </value>
            </param>
            <param index="4">
              <value>
                <![CDATA[41122]]>
              </value>
            </param>
            <param index="5">
              <value>
                <![CDATA[[RawMaterial{amount='1', lossRate='1',currentUnitId;1', materialCode='1000001', regulatoryControl=true}, RawMaterial{amount='1', lossRate='1',currentUnitId;1', materialCode='1000002', regulatoryControl=true}]]]>
              </value>
            </param>
            <param index="6">
              <value>
                <![CDATA[400]]>
              </value>
            </param>
            <param index="7">
              <value>
                <![CDATA[创建版本号重复的物料清单]]>
              </value>
            </param>
          </params>
          <reporter-output>
          </reporter-output>
        </test-method> <!-- testEBOMPost -->
        <test-method status="FAIL" signature="testEBOMPost1(java.lang.String, java.lang.String, int, int, java.lang.String, java.util.ArrayList, int, java.lang.String)[pri:0, instance:def.eBOM.TestEBOM@b97c004]" name="testEBOMPost1" duration-ms="295" started-at="2019-03-20T08:54:19Z" data-provider="getEBOM1" finished-at="2019-03-20T08:54:19Z">
          <params>
            <param index="0">
              <value>
                <![CDATA[1000003]]>
              </value>
            </param>
            <param index="1">
              <value>
                <![CDATA[1000003]]>
              </value>
            </param>
            <param index="2">
              <value>
                <![CDATA[1]]>
              </value>
            </param>
            <param index="3">
              <value>
                <![CDATA[1]]>
              </value>
            </param>
            <param index="4">
              <value>
                <![CDATA[1001]]>
              </value>
            </param>
            <param index="5">
              <value>
                <![CDATA[[RawMaterial{amount='1', lossRate='1',currentUnitId;1', materialCode='null', regulatoryControl=true}, RawMaterial{amount='1', lossRate='1',currentUnitId;1', materialCode='null', regulatoryControl=true}]]]>
              </value>
            </param>
            <param index="6">
              <value>
                <![CDATA[200]]>
              </value>
            </param>
            <param index="7">
              <value>
                <![CDATA[创建正常的物料列表]]>
              </value>
            </param>
          </params>
          <exception class="java.lang.AssertionError">
            <message>
              <![CDATA[1 expectation failed.
Expected status code <200> but was <400>.
]]>
            </message>
            <full-stacktrace>
              <![CDATA[java.lang.AssertionError: 1 expectation failed.
Expected status code <200> but was <400>.

at sun.reflect.NativeConstructorAccessorImpl.newInstance0(Native Method)
at sun.reflect.NativeConstructorAccessorImpl.newInstance(NativeConstructorAccessorImpl.java:62)
at sun.reflect.DelegatingConstructorAccessorImpl.newInstance(DelegatingConstructorAccessorImpl.java:45)
at java.lang.reflect.Constructor.newInstance(Constructor.java:423)
at org.codehaus.groovy.reflection.CachedConstructor.invoke(CachedConstructor.java:83)
at org.codehaus.groovy.reflection.CachedConstructor.doConstructorInvoke(CachedConstructor.java:77)
at org.codehaus.groovy.runtime.callsite.ConstructorSite$ConstructorSiteNoUnwrap.callConstructor(ConstructorSite.java:84)
at org.codehaus.groovy.runtime.callsite.CallSiteArray.defaultCallConstructor(CallSiteArray.java:60)
at org.codehaus.groovy.runtime.callsite.AbstractCallSite.callConstructor(AbstractCallSite.java:235)
at org.codehaus.groovy.runtime.callsite.AbstractCallSite.callConstructor(AbstractCallSite.java:247)
at io.restassured.internal.ResponseSpecificationImpl$HamcrestAssertionClosure.validate(ResponseSpecificationImpl.groovy:471)
at io.restassured.internal.ResponseSpecificationImpl$HamcrestAssertionClosure$validate$1.call(Unknown Source)
at io.restassured.internal.ResponseSpecificationImpl.validateResponseIfRequired(ResponseSpecificationImpl.groovy:643)
at sun.reflect.NativeMethodAccessorImpl.invoke0(Native Method)
at sun.reflect.NativeMethodAccessorImpl.invoke(NativeMethodAccessorImpl.java:62)
at sun.reflect.DelegatingMethodAccessorImpl.invoke(DelegatingMethodAccessorImpl.java:43)
at java.lang.reflect.Method.invoke(Method.java:498)
at org.codehaus.groovy.runtime.callsite.PogoMetaMethodSite$PogoCachedMethodSiteNoUnwrapNoCoerce.invoke(PogoMetaMethodSite.java:210)
at org.codehaus.groovy.runtime.callsite.PogoMetaMethodSite.callCurrent(PogoMetaMethodSite.java:59)
at org.codehaus.groovy.runtime.callsite.AbstractCallSite.callCurrent(AbstractCallSite.java:166)
at io.restassured.internal.ResponseSpecificationImpl.statusCode(ResponseSpecificationImpl.groovy:122)
at io.restassured.specification.ResponseSpecification$statusCode$0.callCurrent(Unknown Source)
at io.restassured.internal.ResponseSpecificationImpl.statusCode(ResponseSpecificationImpl.groovy:130)
at io.restassured.internal.ValidatableResponseOptionsImpl.statusCode(ValidatableResponseOptionsImpl.java:117)
at request.RequestObject.getStatus(RequestObject.java:64)
at def.eBOM.TestEBOM.testEBOMPost1(TestEBOM.java:28)
at sun.reflect.NativeMethodAccessorImpl.invoke0(Native Method)
at sun.reflect.NativeMethodAccessorImpl.invoke(NativeMethodAccessorImpl.java:62)
at sun.reflect.DelegatingMethodAccessorImpl.invoke(DelegatingMethodAccessorImpl.java:43)
at java.lang.reflect.Method.invoke(Method.java:498)
at org.testng.internal.MethodInvocationHelper.invokeMethod(MethodInvocationHelper.java:124)
at org.testng.internal.Invoker.invokeMethod(Invoker.java:583)
at org.testng.internal.Invoker.invokeTestMethod(Invoker.java:719)
at org.testng.internal.Invoker.invokeTestMethods(Invoker.java:989)
at org.testng.internal.TestMethodWorker.invokeTestMethods(TestMethodWorker.java:125)
at org.testng.internal.TestMethodWorker.run(TestMethodWorker.java:109)
at org.testng.TestRunner.privateRun(TestRunner.java:648)
at org.testng.TestRunner.run(TestRunner.java:505)
at org.testng.SuiteRunner.runTest(SuiteRunner.java:455)
at org.testng.SuiteRunner.runSequentially(SuiteRunner.java:450)
at org.testng.SuiteRunner.privateRun(SuiteRunner.java:415)
at org.testng.SuiteRunner.run(SuiteRunner.java:364)
at org.testng.SuiteRunnerWorker.runSuite(SuiteRunnerWorker.java:52)
at org.testng.SuiteRunnerWorker.run(SuiteRunnerWorker.java:84)
at org.testng.TestNG.runSuitesSequentially(TestNG.java:1208)
at org.testng.TestNG.runSuitesLocally(TestNG.java:1137)
at org.testng.TestNG.runSuites(TestNG.java:1049)
at org.testng.TestNG.run(TestNG.java:1017)
at org.apache.maven.surefire.testng.TestNGExecutor.run(TestNGExecutor.java:77)
at org.apache.maven.surefire.testng.TestNGDirectoryTestSuite.executeMulti(TestNGDirectoryTestSuite.java:159)
at org.apache.maven.surefire.testng.TestNGDirectoryTestSuite.execute(TestNGDirectoryTestSuite.java:99)
at org.apache.maven.surefire.testng.TestNGProvider.invoke(TestNGProvider.java:106)
at sun.reflect.NativeMethodAccessorImpl.invoke0(Native Method)
at sun.reflect.NativeMethodAccessorImpl.invoke(NativeMethodAccessorImpl.java:62)
at sun.reflect.DelegatingMethodAccessorImpl.invoke(DelegatingMethodAccessorImpl.java:43)
at java.lang.reflect.Method.invoke(Method.java:498)
at org.apache.maven.surefire.util.ReflectionUtils.invokeMethodWithArray(ReflectionUtils.java:189)
at org.apache.maven.surefire.booter.ProviderFactory$ProviderProxy.invoke(ProviderFactory.java:165)
at org.apache.maven.surefire.booter.ProviderFactory.invokeProvider(ProviderFactory.java:85)
at org.apache.maven.surefire.booter.ForkedBooter.runSuitesInProcess(ForkedBooter.java:115)
at org.apache.maven.surefire.booter.ForkedBooter.main(ForkedBooter.java:75)
]]>
            </full-stacktrace>
          </exception> <!-- java.lang.AssertionError -->
          <reporter-output>
          </reporter-output>
        </test-method> <!-- testEBOMPost1 -->
        <test-method status="PASS" signature="testEBOMPost1(java.lang.String, java.lang.String, int, int, java.lang.String, java.util.ArrayList, int, java.lang.String)[pri:0, instance:def.eBOM.TestEBOM@b97c004]" name="testEBOMPost1" duration-ms="284" started-at="2019-03-20T08:54:19Z" data-provider="getEBOM1" finished-at="2019-03-20T08:54:20Z">
          <params>
            <param index="0">
              <value>
                <![CDATA[1000003]]>
              </value>
            </param>
            <param index="1">
              <value>
                <![CDATA[1000003]]>
              </value>
            </param>
            <param index="2">
              <value>
                <![CDATA[1]]>
              </value>
            </param>
            <param index="3">
              <value>
                <![CDATA[1]]>
              </value>
            </param>
            <param index="4">
              <value>
                <![CDATA[1002]]>
              </value>
            </param>
            <param index="5">
              <value>
                <![CDATA[[RawMaterial{amount='1', lossRate='1',currentUnitId;1', materialCode='null', regulatoryControl=true}, RawMaterial{amount='', lossRate='',currentUnitId;', materialCode='', regulatoryControl=true}]]]>
              </value>
            </param>
            <param index="6">
              <value>
                <![CDATA[400]]>
              </value>
            </param>
            <param index="7">
              <value>
                <![CDATA[创建值为空的物料列表]]>
              </value>
            </param>
          </params>
          <reporter-output>
          </reporter-output>
        </test-method> <!-- testEBOMPost1 -->
      </class> <!-- def.eBOM.TestEBOM -->
      <class name="materialLot.admit.TestPurchaseAdmit">
        <test-method status="PASS" signature="testAdmitPost(int, int, java.util.ArrayList, java.lang.String, java.lang.String, java.lang.Object, int, java.lang.String)[pri:0, instance:materialLot.admit.TestPurchaseAdmit@6a024a67]" name="testAdmitPost" duration-ms="242" started-at="2019-03-20T08:54:37Z" data-provider="getPurchaseAdmit" finished-at="2019-03-20T08:54:37Z">
          <params>
            <param index="0">
              <value>
                <![CDATA[180]]>
              </value>
            </param>
            <param index="1">
              <value>
                <![CDATA[388]]>
              </value>
            </param>
            <param index="2">
              <value>
                <![CDATA[[CodesAndAmounts{amount='0',code='7462',unit;拖'}]]]>
              </value>
            </param>
            <param index="3">
              <value>
                <![CDATA[]]>
              </value>
            </param>
            <param index="4">
              <value>
                <![CDATA[1000003]]>
              </value>
            </param>
            <param index="5">
              <value>
                <![CDATA[1319]]>
              </value>
            </param>
            <param index="6">
              <value>
                <![CDATA[400]]>
              </value>
            </param>
            <param index="7">
              <value>
                <![CDATA[创建没有入厂二维码的数据]]>
              </value>
            </param>
          </params>
          <reporter-output>
          </reporter-output>
        </test-method> <!-- testAdmitPost -->
        <test-method status="PASS" signature="testAdmitPost(int, int, java.util.ArrayList, java.lang.String, java.lang.String, java.lang.Object, int, java.lang.String)[pri:0, instance:materialLot.admit.TestPurchaseAdmit@6a024a67]" name="testAdmitPost" duration-ms="284" started-at="2019-03-20T08:54:37Z" data-provider="getPurchaseAdmit" finished-at="2019-03-20T08:54:38Z">
          <params>
            <param index="0">
              <value>
                <![CDATA[180]]>
              </value>
            </param>
            <param index="1">
              <value>
                <![CDATA[388]]>
              </value>
            </param>
            <param index="2">
              <value>
                <![CDATA[[CodesAndAmounts{amount='100',code='746',unit;拖'}]]]>
              </value>
            </param>
            <param index="3">
              <value>
                <![CDATA[]]>
              </value>
            </param>
            <param index="4">
              <value>
                <![CDATA[1000003]]>
              </value>
            </param>
            <param index="5">
              <value is-null="true"/>
            </param>
            <param index="6">
              <value>
                <![CDATA[400]]>
              </value>
            </param>
            <param index="7">
              <value>
                <![CDATA[创建没有入厂仓位的数据]]>
              </value>
            </param>
          </params>
          <reporter-output>
          </reporter-output>
        </test-method> <!-- testAdmitPost -->
        <test-method status="PASS" signature="testAdmitPost(int, int, java.util.ArrayList, java.lang.String, java.lang.String, java.lang.Object, int, java.lang.String)[pri:0, instance:materialLot.admit.TestPurchaseAdmit@6a024a67]" name="testAdmitPost" duration-ms="931" started-at="2019-03-20T08:54:38Z" data-provider="getPurchaseAdmit" finished-at="2019-03-20T08:54:39Z">
          <params>
            <param index="0">
              <value>
                <![CDATA[180]]>
              </value>
            </param>
            <param index="1">
              <value>
                <![CDATA[388]]>
              </value>
            </param>
            <param index="2">
              <value>
                <![CDATA[[CodesAndAmounts{amount='100',code='746',unit;拖'}]]]>
              </value>
            </param>
            <param index="3">
              <value>
                <![CDATA[]]>
              </value>
            </param>
            <param index="4">
              <value>
                <![CDATA[1000003]]>
              </value>
            </param>
            <param index="5">
              <value>
                <![CDATA[1319]]>
              </value>
            </param>
            <param index="6">
              <value>
                <![CDATA[200]]>
              </value>
            </param>
            <param index="7">
              <value>
                <![CDATA[创建成功入厂的数据]]>
              </value>
            </param>
          </params>
          <reporter-output>
          </reporter-output>
        </test-method> <!-- testAdmitPost -->
        <test-method status="PASS" signature="testAdmitPost(int, int, java.util.ArrayList, java.lang.String, java.lang.String, java.lang.Object, int, java.lang.String)[pri:0, instance:materialLot.admit.TestPurchaseAdmit@6a024a67]" name="testAdmitPost" duration-ms="819" started-at="2019-03-20T08:54:39Z" data-provider="getPurchaseAdmit" finished-at="2019-03-20T08:54:39Z">
          <params>
            <param index="0">
              <value>
                <![CDATA[180]]>
              </value>
            </param>
            <param index="1">
              <value>
                <![CDATA[388]]>
              </value>
            </param>
            <param index="2">
              <value>
                <![CDATA[[CodesAndAmounts{amount='100',code='7463',unit;瓶'}]]]>
              </value>
            </param>
            <param index="3">
              <value>
                <![CDATA[]]>
              </value>
            </param>
            <param index="4">
              <value>
                <![CDATA[1000003]]>
              </value>
            </param>
            <param index="5">
              <value>
                <![CDATA[1319]]>
              </value>
            </param>
            <param index="6">
              <value>
                <![CDATA[200]]>
              </value>
            </param>
            <param index="7">
              <value>
                <![CDATA[创建使用转换单位入厂的数据]]>
              </value>
            </param>
          </params>
          <reporter-output>
          </reporter-output>
        </test-method> <!-- testAdmitPost -->
        <test-method status="PASS" signature="testAdmitPost(int, int, java.util.ArrayList, java.lang.String, java.lang.String, java.lang.Object, int, java.lang.String)[pri:0, instance:materialLot.admit.TestPurchaseAdmit@6a024a67]" name="testAdmitPost" duration-ms="403" started-at="2019-03-20T08:54:39Z" data-provider="getPurchaseAdmit" finished-at="2019-03-20T08:54:40Z">
          <params>
            <param index="0">
              <value>
                <![CDATA[180]]>
              </value>
            </param>
            <param index="1">
              <value>
                <![CDATA[388]]>
              </value>
            </param>
            <param index="2">
              <value>
                <![CDATA[[CodesAndAmounts{amount='100',code='746',unit;拖'}]]]>
              </value>
            </param>
            <param index="3">
              <value>
                <![CDATA[]]>
              </value>
            </param>
            <param index="4">
              <value>
                <![CDATA[1000003]]>
              </value>
            </param>
            <param index="5">
              <value>
                <![CDATA[1319]]>
              </value>
            </param>
            <param index="6">
              <value>
                <![CDATA[400]]>
              </value>
            </param>
            <param index="7">
              <value>
                <![CDATA[创建入厂二维码重复的数据]]>
              </value>
            </param>
          </params>
          <reporter-output>
          </reporter-output>
        </test-method> <!-- testAdmitPost -->
        <test-method status="PASS" signature="testAdmitPost(int, int, java.util.ArrayList, java.lang.String, java.lang.String, java.lang.Object, int, java.lang.String)[pri:0, instance:materialLot.admit.TestPurchaseAdmit@6a024a67]" name="testAdmitPost" duration-ms="724" started-at="2019-03-20T08:54:40Z" data-provider="getPurchaseAdmit" finished-at="2019-03-20T08:54:41Z">
          <params>
            <param index="0">
              <value>
                <![CDATA[180]]>
              </value>
            </param>
            <param index="1">
              <value>
                <![CDATA[388]]>
              </value>
            </param>
            <param index="2">
              <value>
                <![CDATA[[CodesAndAmounts{amount='100',code='7461-0',unit;拖'}, CodesAndAmounts{amount='100',code='7461-1',unit;拖'}, CodesAndAmounts{amount='100',code='7461-2',unit;拖'}]]]>
              </value>
            </param>
            <param index="3">
              <value>
                <![CDATA[]]>
              </value>
            </param>
            <param index="4">
              <value>
                <![CDATA[1000003]]>
              </value>
            </param>
            <param index="5">
              <value>
                <![CDATA[1319]]>
              </value>
            </param>
            <param index="6">
              <value>
                <![CDATA[200]]>
              </value>
            </param>
            <param index="7">
              <value>
                <![CDATA[创建入厂多个二维码的数据]]>
              </value>
            </param>
          </params>
          <reporter-output>
          </reporter-output>
        </test-method> <!-- testAdmitPost -->
      </class> <!-- materialLot.admit.TestPurchaseAdmit -->
      <class name="materialLot.admit.TestAdmit">
        <test-method status="PASS" signature="testAdmitPost(java.lang.String, java.util.ArrayList, java.util.ArrayList, java.lang.Object, java.util.Date, java.lang.String, object.materialLot.OriginPlace, java.lang.String, int, java.lang.String)[pri:0, instance:materialLot.admit.TestAdmit@6ea12c19]" name="testAdmitPost" duration-ms="287" started-at="2019-03-20T08:54:34Z" data-provider="getAdmit" finished-at="2019-03-20T08:54:34Z">
          <params>
            <param index="0">
              <value>
                <![CDATA[]]>
              </value>
            </param>
            <param index="1">
              <value>
                <![CDATA[[CodeAndAmount{amount='100.0',code='42464',unit;拖'}]]]>
              </value>
            </param>
            <param index="2">
              <value>
                <![CDATA[[MfgBatches{mfgBatchNo='供应商批次号1'}, MfgBatches{mfgBatchNo='供应商批次号2'}]]]>
              </value>
            </param>
            <param index="3">
              <value>
                <![CDATA[1319]]>
              </value>
            </param>
            <param index="4">
              <value>
                <![CDATA[Wed Mar 20 16:54:34 CST 2019]]>
              </value>
            </param>
            <param index="5">
              <value>
                <![CDATA[00000001]]>
              </value>
            </param>
            <param index="6">
              <value>
                <![CDATA[OriginPlace{province='北京市'city='东城区'}]]>
              </value>
            </param>
            <param index="7">
              <value>
                <![CDATA[入厂备注信息]]>
              </value>
            </param>
            <param index="8">
              <value>
                <![CDATA[400]]>
              </value>
            </param>
            <param index="9">
              <value>
                <![CDATA[创建没有入厂物料的数据]]>
              </value>
            </param>
          </params>
          <reporter-output>
          </reporter-output>
        </test-method> <!-- testAdmitPost -->
        <test-method status="PASS" signature="testAdmitPost(java.lang.String, java.util.ArrayList, java.util.ArrayList, java.lang.Object, java.util.Date, java.lang.String, object.materialLot.OriginPlace, java.lang.String, int, java.lang.String)[pri:0, instance:materialLot.admit.TestAdmit@6ea12c19]" name="testAdmitPost" duration-ms="646" started-at="2019-03-20T08:54:34Z" data-provider="getAdmit" finished-at="2019-03-20T08:54:35Z">
          <params>
            <param index="0">
              <value>
                <![CDATA[1000002]]>
              </value>
            </param>
            <param index="1">
              <value>
                <![CDATA[[CodeAndAmount{amount='100.0',code='42464',unit;拖'}]]]>
              </value>
            </param>
            <param index="2">
              <value>
                <![CDATA[[MfgBatches{mfgBatchNo='供应商批次号1'}, MfgBatches{mfgBatchNo='供应商批次号2'}]]]>
              </value>
            </param>
            <param index="3">
              <value>
                <![CDATA[1319]]>
              </value>
            </param>
            <param index="4">
              <value>
                <![CDATA[Wed Mar 20 16:54:34 CST 2019]]>
              </value>
            </param>
            <param index="5">
              <value>
                <![CDATA[00000001]]>
              </value>
            </param>
            <param index="6">
              <value>
                <![CDATA[OriginPlace{province='北京市'city='东城区'}]]>
              </value>
            </param>
            <param index="7">
              <value>
                <![CDATA[入厂备注信息]]>
              </value>
            </param>
            <param index="8">
              <value>
                <![CDATA[200]]>
              </value>
            </param>
            <param index="9">
              <value>
                <![CDATA[创建入厂数据]]>
              </value>
            </param>
          </params>
          <reporter-output>
          </reporter-output>
        </test-method> <!-- testAdmitPost -->
        <test-method status="PASS" signature="testAdmitPost(java.lang.String, java.util.ArrayList, java.util.ArrayList, java.lang.Object, java.util.Date, java.lang.String, object.materialLot.OriginPlace, java.lang.String, int, java.lang.String)[pri:0, instance:materialLot.admit.TestAdmit@6ea12c19]" name="testAdmitPost" duration-ms="372" started-at="2019-03-20T08:54:35Z" data-provider="getAdmit" finished-at="2019-03-20T08:54:35Z">
          <params>
            <param index="0">
              <value>
                <![CDATA[1000002]]>
              </value>
            </param>
            <param index="1">
              <value>
                <![CDATA[[CodeAndAmount{amount='100.0',code='42464',unit;拖'}]]]>
              </value>
            </param>
            <param index="2">
              <value>
                <![CDATA[[MfgBatches{mfgBatchNo='供应商批次号1'}, MfgBatches{mfgBatchNo='供应商批次号2'}]]]>
              </value>
            </param>
            <param index="3">
              <value>
                <![CDATA[1319]]>
              </value>
            </param>
            <param index="4">
              <value>
                <![CDATA[Wed Mar 20 16:54:34 CST 2019]]>
              </value>
            </param>
            <param index="5">
              <value>
                <![CDATA[00000001]]>
              </value>
            </param>
            <param index="6">
              <value>
                <![CDATA[OriginPlace{province='北京市'city='东城区'}]]>
              </value>
            </param>
            <param index="7">
              <value>
                <![CDATA[入厂备注信息]]>
              </value>
            </param>
            <param index="8">
              <value>
                <![CDATA[400]]>
              </value>
            </param>
            <param index="9">
              <value>
                <![CDATA[创建入厂二维码相同的数据]]>
              </value>
            </param>
          </params>
          <reporter-output>
          </reporter-output>
        </test-method> <!-- testAdmitPost -->
        <test-method status="PASS" signature="testAdmitPost(java.lang.String, java.util.ArrayList, java.util.ArrayList, java.lang.Object, java.util.Date, java.lang.String, object.materialLot.OriginPlace, java.lang.String, int, java.lang.String)[pri:0, instance:materialLot.admit.TestAdmit@6ea12c19]" name="testAdmitPost" duration-ms="652" started-at="2019-03-20T08:54:35Z" data-provider="getAdmit" finished-at="2019-03-20T08:54:36Z">
          <params>
            <param index="0">
              <value>
                <![CDATA[1000002]]>
              </value>
            </param>
            <param index="1">
              <value>
                <![CDATA[[CodeAndAmount{amount='100.0',code='424641-0',unit;拖'}, CodeAndAmount{amount='100.0',code='424641-1',unit;拖'}, CodeAndAmount{amount='100.0',code='424641-2',unit;拖'}]]]>
              </value>
            </param>
            <param index="2">
              <value>
                <![CDATA[[MfgBatches{mfgBatchNo='供应商批次号1'}, MfgBatches{mfgBatchNo='供应商批次号2'}]]]>
              </value>
            </param>
            <param index="3">
              <value>
                <![CDATA[1319]]>
              </value>
            </param>
            <param index="4">
              <value>
                <![CDATA[Wed Mar 20 16:54:34 CST 2019]]>
              </value>
            </param>
            <param index="5">
              <value>
                <![CDATA[00000001]]>
              </value>
            </param>
            <param index="6">
              <value>
                <![CDATA[OriginPlace{province='北京市'city='东城区'}]]>
              </value>
            </param>
            <param index="7">
              <value>
                <![CDATA[入厂备注信息]]>
              </value>
            </param>
            <param index="8">
              <value>
                <![CDATA[200]]>
              </value>
            </param>
            <param index="9">
              <value>
                <![CDATA[创建入厂多个二维码的数据]]>
              </value>
            </param>
          </params>
          <reporter-output>
          </reporter-output>
        </test-method> <!-- testAdmitPost -->
        <test-method status="PASS" signature="testAdmitPost(java.lang.String, java.util.ArrayList, java.util.ArrayList, java.lang.Object, java.util.Date, java.lang.String, object.materialLot.OriginPlace, java.lang.String, int, java.lang.String)[pri:0, instance:materialLot.admit.TestAdmit@6ea12c19]" name="testAdmitPost" duration-ms="613" started-at="2019-03-20T08:54:36Z" data-provider="getAdmit" finished-at="2019-03-20T08:54:36Z">
          <params>
            <param index="0">
              <value>
                <![CDATA[1000002]]>
              </value>
            </param>
            <param index="1">
              <value>
                <![CDATA[[CodeAndAmount{amount='100.0',code='424643',unit;瓶'}]]]>
              </value>
            </param>
            <param index="2">
              <value>
                <![CDATA[[MfgBatches{mfgBatchNo='供应商批次号1'}, MfgBatches{mfgBatchNo='供应商批次号2'}]]]>
              </value>
            </param>
            <param index="3">
              <value>
                <![CDATA[1319]]>
              </value>
            </param>
            <param index="4">
              <value>
                <![CDATA[Wed Mar 20 16:54:34 CST 2019]]>
              </value>
            </param>
            <param index="5">
              <value>
                <![CDATA[00000001]]>
              </value>
            </param>
            <param index="6">
              <value>
                <![CDATA[OriginPlace{province='北京市'city='东城区'}]]>
              </value>
            </param>
            <param index="7">
              <value>
                <![CDATA[入厂备注信息]]>
              </value>
            </param>
            <param index="8">
              <value>
                <![CDATA[200]]>
              </value>
            </param>
            <param index="9">
              <value>
                <![CDATA[创建入厂物料使用转换单位的数据]]>
              </value>
            </param>
          </params>
          <reporter-output>
          </reporter-output>
        </test-method> <!-- testAdmitPost -->
        <test-method status="PASS" signature="testAdmitPost(java.lang.String, java.util.ArrayList, java.util.ArrayList, java.lang.Object, java.util.Date, java.lang.String, object.materialLot.OriginPlace, java.lang.String, int, java.lang.String)[pri:0, instance:materialLot.admit.TestAdmit@6ea12c19]" name="testAdmitPost" duration-ms="286" started-at="2019-03-20T08:54:36Z" data-provider="getAdmit" finished-at="2019-03-20T08:54:36Z">
          <params>
            <param index="0">
              <value>
                <![CDATA[1000002]]>
              </value>
            </param>
            <param index="1">
              <value>
                <![CDATA[[CodeAndAmount{amount='0.0',code='424642',unit;拖'}]]]>
              </value>
            </param>
            <param index="2">
              <value>
                <![CDATA[[MfgBatches{mfgBatchNo='供应商批次号1'}, MfgBatches{mfgBatchNo='供应商批次号2'}]]]>
              </value>
            </param>
            <param index="3">
              <value>
                <![CDATA[1319]]>
              </value>
            </param>
            <param index="4">
              <value>
                <![CDATA[Wed Mar 20 16:54:34 CST 2019]]>
              </value>
            </param>
            <param index="5">
              <value>
                <![CDATA[00000001]]>
              </value>
            </param>
            <param index="6">
              <value>
                <![CDATA[OriginPlace{province='北京市'city='东城区'}]]>
              </value>
            </param>
            <param index="7">
              <value>
                <![CDATA[入厂备注信息]]>
              </value>
            </param>
            <param index="8">
              <value>
                <![CDATA[400]]>
              </value>
            </param>
            <param index="9">
              <value>
                <![CDATA[创建入厂二维码数量为0的数据]]>
              </value>
            </param>
          </params>
          <reporter-output>
          </reporter-output>
        </test-method> <!-- testAdmitPost -->
        <test-method status="PASS" signature="testAdmitPost(java.lang.String, java.util.ArrayList, java.util.ArrayList, java.lang.Object, java.util.Date, java.lang.String, object.materialLot.OriginPlace, java.lang.String, int, java.lang.String)[pri:0, instance:materialLot.admit.TestAdmit@6ea12c19]" name="testAdmitPost" duration-ms="283" started-at="2019-03-20T08:54:37Z" data-provider="getAdmit" finished-at="2019-03-20T08:54:37Z">
          <params>
            <param index="0">
              <value>
                <![CDATA[1000002]]>
              </value>
            </param>
            <param index="1">
              <value>
                <![CDATA[[CodeAndAmount{amount='0.0',code='',unit;'}]]]>
              </value>
            </param>
            <param index="2">
              <value>
                <![CDATA[[MfgBatches{mfgBatchNo='供应商批次号1'}, MfgBatches{mfgBatchNo='供应商批次号2'}]]]>
              </value>
            </param>
            <param index="3">
              <value>
                <![CDATA[1319]]>
              </value>
            </param>
            <param index="4">
              <value>
                <![CDATA[Wed Mar 20 16:54:34 CST 2019]]>
              </value>
            </param>
            <param index="5">
              <value>
                <![CDATA[00000001]]>
              </value>
            </param>
            <param index="6">
              <value>
                <![CDATA[OriginPlace{province='北京市'city='东城区'}]]>
              </value>
            </param>
            <param index="7">
              <value>
                <![CDATA[入厂备注信息]]>
              </value>
            </param>
            <param index="8">
              <value>
                <![CDATA[400]]>
              </value>
            </param>
            <param index="9">
              <value>
                <![CDATA[创建没有入厂二维码的数据]]>
              </value>
            </param>
          </params>
          <reporter-output>
          </reporter-output>
        </test-method> <!-- testAdmitPost -->
        <test-method status="PASS" signature="testAdmitPost(java.lang.String, java.util.ArrayList, java.util.ArrayList, java.lang.Object, java.util.Date, java.lang.String, object.materialLot.OriginPlace, java.lang.String, int, java.lang.String)[pri:0, instance:materialLot.admit.TestAdmit@6ea12c19]" name="testAdmitPost" duration-ms="325" started-at="2019-03-20T08:54:37Z" data-provider="getAdmit" finished-at="2019-03-20T08:54:37Z">
          <params>
            <param index="0">
              <value>
                <![CDATA[1000002]]>
              </value>
            </param>
            <param index="1">
              <value>
                <![CDATA[[CodeAndAmount{amount='100.0',code='42464',unit;拖'}]]]>
              </value>
            </param>
            <param index="2">
              <value>
                <![CDATA[[MfgBatches{mfgBatchNo='供应商批次号1'}, MfgBatches{mfgBatchNo='供应商批次号2'}]]]>
              </value>
            </param>
            <param index="3">
              <value is-null="true"/>
            </param>
            <param index="4">
              <value>
                <![CDATA[Wed Mar 20 16:54:34 CST 2019]]>
              </value>
            </param>
            <param index="5">
              <value>
                <![CDATA[00000001]]>
              </value>
            </param>
            <param index="6">
              <value>
                <![CDATA[OriginPlace{province='北京市'city='东城区'}]]>
              </value>
            </param>
            <param index="7">
              <value>
                <![CDATA[入厂备注信息]]>
              </value>
            </param>
            <param index="8">
              <value>
                <![CDATA[400]]>
              </value>
            </param>
            <param index="9">
              <value>
                <![CDATA[创建没有入厂仓位的数据]]>
              </value>
            </param>
          </params>
          <reporter-output>
          </reporter-output>
        </test-method> <!-- testAdmitPost -->
      </class> <!-- materialLot.admit.TestAdmit -->
    </test> <!-- Command line test -->
  </suite> <!-- Command line suite -->
</testng-results>
