<?xml version="1.0" encoding="UTF-8"?>
<testng-results skipped="0" failed="0" ignored="0" total="6" passed="6">
  <reporter-output>
  </reporter-output>
  <suite name="All Test Suite" duration-ms="3842" started-at="2018-12-29T02:25:45Z" finished-at="2018-12-29T02:25:49Z">
    <groups>
    </groups>
    <test name="/Users/ivy/IdeaProjects/mavenDemo1" duration-ms="3842" started-at="2018-12-29T02:25:45Z" finished-at="2018-12-29T02:25:49Z">
      <class name="def.test.material.TestMaterial">
        <test-method status="PASS" signature="getUnitID()[pri:0, instance:def.test.material.TestMaterial@3b6eb2ec]" name="getUnitID" is-config="true" duration-ms="2081" started-at="2018-12-29T02:25:45Z" finished-at="2018-12-29T02:25:47Z">
          <reporter-output>
          </reporter-output>
        </test-method> <!-- getUnitID -->
        <test-method status="PASS" signature="testMateral(java.lang.String, java.lang.String, int, java.lang.String)[pri:0, instance:def.test.material.TestMaterial@3b6eb2ec]" name="testMateral" duration-ms="250" started-at="2018-12-29T02:25:47Z" data-provider="getMaterial" finished-at="2018-12-29T02:25:48Z">
          <params>
            <param index="0">
              <value>
                <![CDATA[material14585]]>
              </value>
            </param>
            <param index="1">
              <value>
                <![CDATA[]]>
              </value>
            </param>
            <param index="2">
              <value>
                <![CDATA[400]]>
              </value>
            </param>
            <param index="3">
              <value>
                <![CDATA[创建有编码没有名称的物料]]>
              </value>
            </param>
          </params>
          <reporter-output>
          </reporter-output>
        </test-method> <!-- testMateral -->
        <test-method status="PASS" signature="testMateral(java.lang.String, java.lang.String, int, java.lang.String)[pri:0, instance:def.test.material.TestMaterial@3b6eb2ec]" name="testMateral" duration-ms="277" started-at="2018-12-29T02:25:48Z" data-provider="getMaterial" finished-at="2018-12-29T02:25:48Z">
          <params>
            <param index="0">
              <value>
                <![CDATA[]]>
              </value>
            </param>
            <param index="1">
              <value>
                <![CDATA[4585]]>
              </value>
            </param>
            <param index="2">
              <value>
                <![CDATA[400]]>
              </value>
            </param>
            <param index="3">
              <value>
                <![CDATA[创建无编码有名称的物料]]>
              </value>
            </param>
          </params>
          <reporter-output>
          </reporter-output>
        </test-method> <!-- testMateral -->
        <test-method status="PASS" signature="testMateral(java.lang.String, java.lang.String, int, java.lang.String)[pri:0, instance:def.test.material.TestMaterial@3b6eb2ec]" name="testMateral" duration-ms="340" started-at="2018-12-29T02:25:48Z" data-provider="getMaterial" finished-at="2018-12-29T02:25:48Z">
          <params>
            <param index="0">
              <value>
                <![CDATA[material4585]]>
              </value>
            </param>
            <param index="1">
              <value>
                <![CDATA[test0002]]>
              </value>
            </param>
            <param index="2">
              <value>
                <![CDATA[200]]>
              </value>
            </param>
            <param index="3">
              <value>
                <![CDATA[创建有编码有名称的物料]]>
              </value>
            </param>
          </params>
          <reporter-output>
          </reporter-output>
        </test-method> <!-- testMateral -->
        <test-method status="PASS" signature="testMateral(java.lang.String, java.lang.String, int, java.lang.String)[pri:0, instance:def.test.material.TestMaterial@3b6eb2ec]" name="testMateral" duration-ms="246" started-at="2018-12-29T02:25:48Z" data-provider="getMaterial" finished-at="2018-12-29T02:25:48Z">
          <params>
            <param index="0">
              <value>
                <![CDATA[material4585]]>
              </value>
            </param>
            <param index="1">
              <value>
                <![CDATA[4585]]>
              </value>
            </param>
            <param index="2">
              <value>
                <![CDATA[400]]>
              </value>
            </param>
            <param index="3">
              <value>
                <![CDATA[创建编码重复的物料]]>
              </value>
            </param>
          </params>
          <reporter-output>
          </reporter-output>
        </test-method> <!-- testMateral -->
        <test-method status="PASS" signature="testMaterialStatus(java.lang.String, java.lang.String, int, java.lang.String)[pri:0, instance:def.test.material.TestMaterial@3b6eb2ec]" name="testMaterialStatus" duration-ms="366" started-at="2018-12-29T02:25:48Z" data-provider="getMaterialStatus" finished-at="2018-12-29T02:25:49Z">
          <params>
            <param index="0">
              <value>
                <![CDATA[505]]>
              </value>
            </param>
            <param index="1">
              <value>
                <![CDATA[505]]>
              </value>
            </param>
            <param index="2">
              <value>
                <![CDATA[1]]>
              </value>
            </param>
            <param index="3">
              <value>
                <![CDATA[创建状态为启用中的物料]]>
              </value>
            </param>
          </params>
          <reporter-output>
          </reporter-output>
        </test-method> <!-- testMaterialStatus -->
        <test-method status="PASS" signature="testMaterialStatus(java.lang.String, java.lang.String, int, java.lang.String)[pri:0, instance:def.test.material.TestMaterial@3b6eb2ec]" name="testMaterialStatus" duration-ms="260" started-at="2018-12-29T02:25:49Z" data-provider="getMaterialStatus" finished-at="2018-12-29T02:25:49Z">
          <params>
            <param index="0">
              <value>
                <![CDATA[5051]]>
              </value>
            </param>
            <param index="1">
              <value>
                <![CDATA[505]]>
              </value>
            </param>
            <param index="2">
              <value>
                <![CDATA[0]]>
              </value>
            </param>
            <param index="3">
              <value>
                <![CDATA[创建状态为停用中的物料]]>
              </value>
            </param>
          </params>
          <reporter-output>
          </reporter-output>
        </test-method> <!-- testMaterialStatus -->
      </class> <!-- def.test.material.TestMaterial -->
    </test> <!-- /Users/ivy/IdeaProjects/mavenDemo1 -->
  </suite> <!-- All Test Suite -->
</testng-results>
